Using TensorFlow backend.
2018-11-02 13:24:13.443099: I tensorflow/core/platform/cpu_feature_guard.cc:137] Your CPU supports instructions that this TensorFlow binary was not compiled to use: SSE4.1 SSE4.2 AVX
(25.619999999999997, {0: {'dropout': 0.2, 'optimizer': 'adadelta', 'activation': 'tanh', 'nbLayers': 1, 'nbNeurons': 128}, 1: {'dropout': 0.4, 'optimizer': 'sgd', 'activation': 'sigmoid', 'nbLayers': 1, 'nbNeurons': 4}, 2: {'dropout': 0.4, 'optimizer': 'sgd', 'activation': 'sigmoid', 'nbLayers': 1, 'nbNeurons': 4}, 3: {'dropout': 0.4, 'optimizer': 'sgd', 'activation': 'sigmoid', 'nbLayers': 1, 'nbNeurons': 4}})
(25.619999999999997, {0: {'dropout': 0.5, 'optimizer': 'sgd', 'activation': 'relu', 'nbLayers': 12, 'nbNeurons': 4}, 1: {'dropout': 0.4, 'optimizer': 'sgd', 'activation': 'sigmoid', 'nbLayers': 1, 'nbNeurons': 128}, 2: {'dropout': 0.4, 'optimizer': 'sgd', 'activation': 'sigmoid', 'nbLayers': 1, 'nbNeurons': 128}, 3: {'dropout': 0.4, 'optimizer': 'sgd', 'activation': 'sigmoid', 'nbLayers': 1, 'nbNeurons': 4}})
(27.21, {0: {'dropout': 0.2, 'optimizer': 'adam', 'activation': 'relu', 'nbLayers': 12, 'nbNeurons': 4}, 1: {'dropout': 0.4, 'optimizer': 'sgd', 'activation': 'sigmoid', 'nbLayers': 1, 'nbNeurons': 128}, 2: {'dropout': 0.4, 'optimizer': 'sgd', 'activation': 'sigmoid', 'nbLayers': 1, 'nbNeurons': 128}, 3: {'dropout': 0.4, 'optimizer': 'sgd', 'activation': 'sigmoid', 'nbLayers': 1, 'nbNeurons': 4}})
(37.04, {0: {'dropout': 0.5, 'optimizer': 'sgd', 'activation': 'elu', 'nbLayers': 6, 'nbNeurons': 16}, 1: {'dropout': 0.4, 'optimizer': 'sgd', 'activation': 'sigmoid', 'nbLayers': 1, 'nbNeurons': 128}, 2: {'dropout': 0.4, 'optimizer': 'sgd', 'activation': 'sigmoid', 'nbLayers': 1, 'nbNeurons': 128}, 3: {'dropout': 0.4, 'optimizer': 'sgd', 'activation': 'sigmoid', 'nbLayers': 1, 'nbNeurons': 128}})
(37.51, {0: {'dropout': 0.2, 'optimizer': 'adam', 'activation': 'selu', 'nbLayers': 3, 'nbNeurons': 16}, 1: {'dropout': 0.4, 'optimizer': 'sgd', 'activation': 'sigmoid', 'nbLayers': 1, 'nbNeurons': 128}, 2: {'dropout': 0.4, 'optimizer': 'sgd', 'activation': 'sigmoid', 'nbLayers': 1, 'nbNeurons': 128}, 3: {'dropout': 0.4, 'optimizer': 'sgd', 'activation': 'sigmoid', 'nbLayers': 1, 'nbNeurons': 128}})
(37.51, {0: {'dropout': 0.25, 'optimizer': 'adadelta', 'activation': 'relu', 'nbLayers': 3, 'nbNeurons': 64}, 1: {'dropout': 0.4, 'optimizer': 'sgd', 'activation': 'sigmoid', 'nbLayers': 1, 'nbNeurons': 128}, 2: {'dropout': 0.4, 'optimizer': 'sgd', 'activation': 'sigmoid', 'nbLayers': 1, 'nbNeurons': 128}, 3: {'dropout': 0.4, 'optimizer': 'sgd', 'activation': 'sigmoid', 'nbLayers': 1, 'nbNeurons': 128}})
(46.19, {0: {'dropout': 0.4, 'optimizer': 'adam', 'activation': 'hard_sigmoid', 'nbLayers': 6, 'nbNeurons': 64}, 1: {'dropout': 0.4, 'optimizer': 'sgd', 'activation': 'sigmoid', 'nbLayers': 1, 'nbNeurons': 128}, 2: {'dropout': 0.4, 'optimizer': 'sgd', 'activation': 'sigmoid', 'nbLayers': 1, 'nbNeurons': 128}, 3: {'dropout': 0.4, 'optimizer': 'adamax', 'activation': 'sigmoid', 'nbLayers': 1, 'nbNeurons': 128}})
(47.449999999999996, {0: {'dropout': 0.2, 'optimizer': 'adamax', 'activation': 'hard_sigmoid', 'nbLayers': 1, 'nbNeurons': 16}, 1: {'dropout': 0.25, 'optimizer': 'adam', 'activation': 'hard_sigmoid', 'nbLayers': 1, 'nbNeurons': 64}, 2: {'dropout': 0.4, 'optimizer': 'sgd', 'activation': 'sigmoid', 'nbLayers': 1, 'nbNeurons': 128}, 3: {'dropout': 0.1, 'optimizer': 'adamax', 'activation': 'sigmoid', 'nbLayers': 1, 'nbNeurons': 128}})
(47.449999999999996, {0: {'dropout': 0.4, 'optimizer': 'nadam', 'activation': 'hard_sigmoid', 'nbLayers': 15, 'nbNeurons': 64}, 1: {'dropout': 0.25, 'optimizer': 'adam', 'activation': 'hard_sigmoid', 'nbLayers': 1, 'nbNeurons': 64}, 2: {'dropout': 0.25, 'optimizer': 'sgd', 'activation': 'tanh', 'nbLayers': 1, 'nbNeurons': 64}, 3: {'dropout': 0.1, 'optimizer': 'adamax', 'activation': 'sigmoid', 'nbLayers': 1, 'nbNeurons': 128}})
(47.449999999999996, {0: {'dropout': 0.25, 'optimizer': 'sgd', 'activation': 'relu', 'nbLayers': 3, 'nbNeurons': 128}, 1: {'dropout': 0.25, 'optimizer': 'adam', 'activation': 'hard_sigmoid', 'nbLayers': 1, 'nbNeurons': 64}, 2: {'dropout': 0.25, 'optimizer': 'sgd', 'activation': 'tanh', 'nbLayers': 1, 'nbNeurons': 64}, 3: {'dropout': 0.1, 'optimizer': 'adamax', 'activation': 'sigmoid', 'nbLayers': 1, 'nbNeurons': 128}})
(47.449999999999996, {0: {'dropout': 0.3, 'optimizer': 'adadelta', 'activation': 'elu', 'nbLayers': 9, 'nbNeurons': 4}, 1: {'dropout': 0.25, 'optimizer': 'sgd', 'activation': 'relu', 'nbLayers': 1, 'nbNeurons': 64}, 2: {'dropout': 0.25, 'optimizer': 'sgd', 'activation': 'tanh', 'nbLayers': 1, 'nbNeurons': 64}, 3: {'dropout': 0.1, 'optimizer': 'adamax', 'activation': 'sigmoid', 'nbLayers': 1, 'nbNeurons': 128}})
(47.449999999999996, {0: {'dropout': 0.25, 'optimizer': 'nadam', 'activation': 'hard_sigmoid', 'nbLayers': 9, 'nbNeurons': 32}, 1: {'dropout': 0.25, 'optimizer': 'sgd', 'activation': 'relu', 'nbLayers': 1, 'nbNeurons': 64}, 2: {'dropout': 0.25, 'optimizer': 'sgd', 'activation': 'tanh', 'nbLayers': 1, 'nbNeurons': 64}, 3: {'dropout': 0.1, 'optimizer': 'adamax', 'activation': 'sigmoid', 'nbLayers': 1, 'nbNeurons': 128}})
(47.449999999999996, {0: {'dropout': 0.4, 'optimizer': 'adadelta', 'activation': 'elu', 'nbLayers': 6, 'nbNeurons': 4}, 1: {'dropout': 0.25, 'optimizer': 'adamax', 'activation': 'sigmoid', 'nbLayers': 1, 'nbNeurons': 128}, 2: {'dropout': 0.25, 'optimizer': 'sgd', 'activation': 'tanh', 'nbLayers': 1, 'nbNeurons': 64}, 3: {'dropout': 0.1, 'optimizer': 'adamax', 'activation': 'sigmoid', 'nbLayers': 1, 'nbNeurons': 128}})
(47.449999999999996, {0: {'dropout': 0.1, 'optimizer': 'adadelta', 'activation': 'relu', 'nbLayers': 12, 'nbNeurons': 64}, 1: {'dropout': 0.25, 'optimizer': 'adamax', 'activation': 'sigmoid', 'nbLayers': 1, 'nbNeurons': 128}, 2: {'dropout': 0.25, 'optimizer': 'sgd', 'activation': 'tanh', 'nbLayers': 1, 'nbNeurons': 64}, 3: {'dropout': 0.1, 'optimizer': 'adamax', 'activation': 'sigmoid', 'nbLayers': 1, 'nbNeurons': 128}})
(47.449999999999996, {0: {'dropout': 0.25, 'optimizer': 'adamax', 'activation': 'hard_sigmoid', 'nbLayers': 1, 'nbNeurons': 4}, 1: {'dropout': 0.25, 'optimizer': 'adamax', 'activation': 'sigmoid', 'nbLayers': 1, 'nbNeurons': 128}, 2: {'dropout': 0.25, 'optimizer': 'sgd', 'activation': 'tanh', 'nbLayers': 1, 'nbNeurons': 64}, 3: {'dropout': 0.1, 'optimizer': 'adamax', 'activation': 'sigmoid', 'nbLayers': 1, 'nbNeurons': 128}})
(47.79, {0: {'dropout': 0.2, 'optimizer': 'adagrad', 'activation': 'selu', 'nbLayers': 9, 'nbNeurons': 64}, 1: {'dropout': 0.25, 'optimizer': 'adamax', 'activation': 'sigmoid', 'nbLayers': 1, 'nbNeurons': 128}, 2: {'dropout': 0.25, 'optimizer': 'sgd', 'activation': 'tanh', 'nbLayers': 1, 'nbNeurons': 64}, 3: {'dropout': 0.1, 'optimizer': 'adamax', 'activation': 'sigmoid', 'nbLayers': 1, 'nbNeurons': 128}})
(47.79, {0: {'dropout': 0.4, 'optimizer': 'adam', 'activation': 'selu', 'nbLayers': 12, 'nbNeurons': 128}, 1: {'dropout': 0.25, 'optimizer': 'adamax', 'activation': 'sigmoid', 'nbLayers': 1, 'nbNeurons': 128}, 2: {'dropout': 0.25, 'optimizer': 'sgd', 'activation': 'tanh', 'nbLayers': 1, 'nbNeurons': 64}, 3: {'dropout': 0.1, 'optimizer': 'adamax', 'activation': 'sigmoid', 'nbLayers': 1, 'nbNeurons': 128}})
(47.79, {0: {'dropout': 0.1, 'optimizer': 'sgd', 'activation': 'relu', 'nbLayers': 12, 'nbNeurons': 64}, 1: {'dropout': 0.25, 'optimizer': 'adam', 'activation': 'selu', 'nbLayers': 1, 'nbNeurons': 128}, 2: {'dropout': 0.25, 'optimizer': 'sgd', 'activation': 'tanh', 'nbLayers': 1, 'nbNeurons': 64}, 3: {'dropout': 0.1, 'optimizer': 'adamax', 'activation': 'sigmoid', 'nbLayers': 1, 'nbNeurons': 128}})
(47.79, {0: {'dropout': 0.1, 'optimizer': 'adamax', 'activation': 'sigmoid', 'nbLayers': 1, 'nbNeurons': 64}, 1: {'dropout': 0.25, 'optimizer': 'adam', 'activation': 'selu', 'nbLayers': 1, 'nbNeurons': 128}, 2: {'dropout': 0.25, 'optimizer': 'sgd', 'activation': 'tanh', 'nbLayers': 1, 'nbNeurons': 64}, 3: {'dropout': 0.1, 'optimizer': 'adamax', 'activation': 'sigmoid', 'nbLayers': 1, 'nbNeurons': 128}})
(47.79, {0: {'dropout': 0.5, 'optimizer': 'nadam', 'activation': 'tanh', 'nbLayers': 3, 'nbNeurons': 16}, 1: {'dropout': 0.25, 'optimizer': 'adam', 'activation': 'selu', 'nbLayers': 1, 'nbNeurons': 128}, 2: {'dropout': 0.25, 'optimizer': 'sgd', 'activation': 'tanh', 'nbLayers': 1, 'nbNeurons': 64}, 3: {'dropout': 0.1, 'optimizer': 'adamax', 'activation': 'sigmoid', 'nbLayers': 1, 'nbNeurons': 128}})
(48.08, {0: {'dropout': 0.4, 'optimizer': 'adadelta', 'activation': 'sigmoid', 'nbLayers': 3, 'nbNeurons': 8}, 1: {'dropout': 0.25, 'optimizer': 'adam', 'activation': 'selu', 'nbLayers': 1, 'nbNeurons': 128}, 2: {'dropout': 0.25, 'optimizer': 'sgd', 'activation': 'tanh', 'nbLayers': 1, 'nbNeurons': 64}, 3: {'dropout': 0.1, 'optimizer': 'adamax', 'activation': 'sigmoid', 'nbLayers': 1, 'nbNeurons': 128}})
(48.08, {0: {'dropout': 0.4, 'optimizer': 'sgd', 'activation': 'tanh', 'nbLayers': 15, 'nbNeurons': 128}, 1: {'dropout': 0.25, 'optimizer': 'adam', 'activation': 'selu', 'nbLayers': 1, 'nbNeurons': 128}, 2: {'dropout': 0.25, 'optimizer': 'sgd', 'activation': 'tanh', 'nbLayers': 1, 'nbNeurons': 64}, 3: {'dropout': 0.1, 'optimizer': 'adamax', 'activation': 'sigmoid', 'nbLayers': 1, 'nbNeurons': 128}})
(48.08, {0: {'dropout': 0.2, 'optimizer': 'adagrad', 'activation': 'relu', 'nbLayers': 1, 'nbNeurons': 8}, 1: {'dropout': 0.25, 'optimizer': 'adam', 'activation': 'selu', 'nbLayers': 1, 'nbNeurons': 128}, 2: {'dropout': 0.25, 'optimizer': 'sgd', 'activation': 'tanh', 'nbLayers': 1, 'nbNeurons': 64}, 3: {'dropout': 0.1, 'optimizer': 'adamax', 'activation': 'sigmoid', 'nbLayers': 1, 'nbNeurons': 128}})
(48.08, {0: {'dropout': 0.25, 'optimizer': 'nadam', 'activation': 'tanh', 'nbLayers': 12, 'nbNeurons': 16}, 1: {'dropout': 0.25, 'optimizer': 'adam', 'activation': 'selu', 'nbLayers': 1, 'nbNeurons': 128}, 2: {'dropout': 0.25, 'optimizer': 'adam', 'activation': 'selu', 'nbLayers': 1, 'nbNeurons': 128}, 3: {'dropout': 0.1, 'optimizer': 'adamax', 'activation': 'sigmoid', 'nbLayers': 1, 'nbNeurons': 128}})
(48.08, {0: {'dropout': 0.2, 'optimizer': 'adamax', 'activation': 'sigmoid', 'nbLayers': 3, 'nbNeurons': 16}, 1: {'dropout': 0.25, 'optimizer': 'adam', 'activation': 'selu', 'nbLayers': 1, 'nbNeurons': 128}, 2: {'dropout': 0.25, 'optimizer': 'adam', 'activation': 'selu', 'nbLayers': 1, 'nbNeurons': 128}, 3: {'dropout': 0.1, 'optimizer': 'adamax', 'activation': 'sigmoid', 'nbLayers': 1, 'nbNeurons': 128}})


###############################################################################
TCHPC Cluster: boyle
Job 28960 (test) for User 'bhatnags' in Account 'mschpc'
Finished at: Fri Nov  2 17:22:39 GMT 2018

Job completion status:
======================

       JobID    JobName AllocCPUS NTasks NNodes     MaxRSS    MaxRSSNode  MaxDiskRead MaxDiskWrite    Elapsed      State ExitCode 
------------ ---------- --------- ------ ------ ---------- ------------- ------------ ------------ ---------- ---------- -------- 
28960              test        16             1                                                      03:58:30    RUNNING      0:0 
28960.batch       batch        16      1      1   8760052K    boyle-n010        0.01M            0   03:58:30  COMPLETED      0:0 


Job details:
============

JobId=28960 JobName=test
   UserId=bhatnags(1460) GroupId=bhatnags(1106) MCS_label=N/A
   Priority=937278 Nice=0 Account=mschpc QOS=normal
   JobState=COMPLETING Reason=None Dependency=(null)
   Requeue=0 Restarts=0 BatchFlag=1 Reboot=0 ExitCode=0:0
   DerivedExitCode=0:0
   RunTime=03:58:30 TimeLimit=10:00:00 TimeMin=N/A
   SubmitTime=2018-11-02T13:24:08 EligibleTime=2018-11-02T13:24:08
   StartTime=2018-11-02T13:24:09 EndTime=2018-11-02T17:22:39 Deadline=N/A
   PreemptTime=None SuspendTime=None SecsPreSuspend=0
   Partition=compute AllocNode:Sid=boyle01:18019
   ReqNodeList=(null) ExcNodeList=(null)
   NodeList=
   BatchHost=boyle-n010
   NumNodes=1 NumCPUs=16 NumTasks=1 CPUs/Task=1 ReqB:S:C:T=0:0:*:*
   TRES=cpu=16,mem=63000M,node=1
   Socks/Node=* NtasksPerN:B:S:C=0:0:*:* CoreSpec=*
     Nodes=boyle-n010 CPU_IDs=0-15 Mem=63000 GRES_IDX=
   MinCPUsNode=1 MinMemoryNode=63000M MinTmpDiskNode=0
   Features=(null) DelayBoot=00:00:00
   Gres=(null) Reservation=(null)
   OverSubscribe=NO Contiguous=0 Licenses=(null) Network=(null)
   Command=/home/users/mschpc/2017/bhatnags/revisited/GeneticsInspiredNeuralNetworkTuning/src/four/bashscript.sh
   WorkDir=/home/users/mschpc/2017/bhatnags/revisited/GeneticsInspiredNeuralNetworkTuning/src/four
   StdErr=/home/users/mschpc/2017/bhatnags/revisited/GeneticsInspiredNeuralNetworkTuning/src/four/slurm-28960.out
   StdIn=/dev/null
   StdOut=/home/users/mschpc/2017/bhatnags/revisited/GeneticsInspiredNeuralNetworkTuning/src/four/slurm-28960.out
   Power=


Disk quota details:
===================

Disk quotas for user bhatnags (uid 1460): none


SLURM Bank Statement:
=====================

User           Usage |        Account     Usage | Account Limit Available (CPU hrs)
---------- --------- + -------------- --------- + ------------- ---------
bhatnags       4,333 |         MSCHPC     4,333 |             0       N/A


Acknowledgements:
=================

Note that usage of TCHPC Resources *must* be acknowledged in all publications.

Please see this page for details relevant to this cluster:

http://www.tchpc.tcd.ie/resources/acknowledgementpolicy

################################################################################
