Using TensorFlow backend.
2018-11-03 18:02:36.592138: I tensorflow/core/platform/cpu_feature_guard.cc:137] Your CPU supports instructions that this TensorFlow binary was not compiled to use: SSE4.1 SSE4.2 AVX AVX2 FMA


###############################################################################
TCHPC Cluster: boyle
Job 29015 (qtest) for User 'bhatnags' in Account 'mschpc'
Finished at: Sun Nov  4 02:57:24 GMT 2018

Job completion status:
======================

       JobID    JobName AllocCPUS NTasks NNodes     MaxRSS    MaxRSSNode  MaxDiskRead MaxDiskWrite    Elapsed      State ExitCode 
------------ ---------- --------- ------ ------ ---------- ------------- ------------ ------------ ---------- ---------- -------- 
29015             qtest        28             1                                                      08:54:54    RUNNING      0:0 
29015.batch       batch        28      1      1  30485104K    boyle-n018        0.01M            0   08:54:54  COMPLETED      0:0 


Job details:
============

JobId=29015 JobName=qtest
   UserId=bhatnags(1460) GroupId=bhatnags(1106) MCS_label=N/A
   Priority=878862 Nice=0 Account=mschpc QOS=normal
   JobState=COMPLETING Reason=None Dependency=(null)
   Requeue=0 Restarts=0 BatchFlag=1 Reboot=0 ExitCode=0:0
   DerivedExitCode=0:0
   RunTime=08:54:54 TimeLimit=10:00:00 TimeMin=N/A
   SubmitTime=2018-11-03T16:56:28 EligibleTime=2018-11-03T16:56:28
   StartTime=2018-11-03T18:02:30 EndTime=2018-11-04T02:57:24 Deadline=N/A
   PreemptTime=None SuspendTime=None SecsPreSuspend=0
   Partition=compute AllocNode:Sid=boyle01:13413
   ReqNodeList=(null) ExcNodeList=(null)
   NodeList=
   BatchHost=boyle-n018
   NumNodes=1 NumCPUs=28 NumTasks=1 CPUs/Task=1 ReqB:S:C:T=0:0:*:*
   TRES=cpu=28,mem=63000M,node=1
   Socks/Node=* NtasksPerN:B:S:C=0:0:*:* CoreSpec=*
     Nodes=boyle-n018 CPU_IDs=0-27 Mem=63000 GRES_IDX=
   MinCPUsNode=1 MinMemoryNode=63000M MinTmpDiskNode=0
   Features=(null) DelayBoot=00:00:00
   Gres=(null) Reservation=(null)
   OverSubscribe=NO Contiguous=0 Licenses=(null) Network=(null)
   Command=/home/users/mschpc/2017/bhatnags/revisited/QuantumGeneticsInspiredNeuralNetworkTuning/src/twelve/bashscript.sh
   WorkDir=/home/users/mschpc/2017/bhatnags/revisited/QuantumGeneticsInspiredNeuralNetworkTuning/src/twelve
   StdErr=/home/users/mschpc/2017/bhatnags/revisited/QuantumGeneticsInspiredNeuralNetworkTuning/src/twelve/slurm-29015.out
   StdIn=/dev/null
   StdOut=/home/users/mschpc/2017/bhatnags/revisited/QuantumGeneticsInspiredNeuralNetworkTuning/src/twelve/slurm-29015.out
   Power=


Disk quota details:
===================

Disk quotas for user bhatnags (uid 1460): none


SLURM Bank Statement:
=====================

User           Usage |        Account     Usage | Account Limit Available (CPU hrs)
---------- --------- + -------------- --------- + ------------- ---------
bhatnags       6,036 |         MSCHPC     6,036 |             0       N/A


Acknowledgements:
=================

Note that usage of TCHPC Resources *must* be acknowledged in all publications.

Please see this page for details relevant to this cluster:

http://www.tchpc.tcd.ie/resources/acknowledgementpolicy

################################################################################
