Using TensorFlow backend.
Using TensorFlow backend.
Using TensorFlow backend.
Using TensorFlow backend.
Using TensorFlow backend.
Using TensorFlow backend.
Using TensorFlow backend.
Using TensorFlow backend.
Using TensorFlow backend.
Using TensorFlow backend.
Using TensorFlow backend.
Using TensorFlow backend.
2018-11-07 19:58:31.905817: I tensorflow/core/platform/cpu_feature_guard.cc:137] Your CPU supports instructions that this TensorFlow binary was not compiled to use: SSE4.1 SSE4.2 AVX AVX2 FMA
2018-11-07 19:58:32.097102: I tensorflow/core/platform/cpu_feature_guard.cc:137] Your CPU supports instructions that this TensorFlow binary was not compiled to use: SSE4.1 SSE4.2 AVX AVX2 FMA
2018-11-07 19:58:32.196698: I tensorflow/core/platform/cpu_feature_guard.cc:137] Your CPU supports instructions that this TensorFlow binary was not compiled to use: SSE4.1 SSE4.2 AVX AVX2 FMA
2018-11-07 19:58:32.214534: I tensorflow/core/platform/cpu_feature_guard.cc:137] Your CPU supports instructions that this TensorFlow binary was not compiled to use: SSE4.1 SSE4.2 AVX AVX2 FMA
2018-11-07 19:58:32.275825: I tensorflow/core/platform/cpu_feature_guard.cc:137] Your CPU supports instructions that this TensorFlow binary was not compiled to use: SSE4.1 SSE4.2 AVX AVX2 FMA
2018-11-07 19:58:32.410215: I tensorflow/core/platform/cpu_feature_guard.cc:137] Your CPU supports instructions that this TensorFlow binary was not compiled to use: SSE4.1 SSE4.2 AVX AVX2 FMA
2018-11-07 19:58:32.737060: I tensorflow/core/platform/cpu_feature_guard.cc:137] Your CPU supports instructions that this TensorFlow binary was not compiled to use: SSE4.1 SSE4.2 AVX AVX2 FMA
2018-11-07 19:58:32.873093: I tensorflow/core/platform/cpu_feature_guard.cc:137] Your CPU supports instructions that this TensorFlow binary was not compiled to use: SSE4.1 SSE4.2 AVX AVX2 FMA
2018-11-07 19:58:32.980895: I tensorflow/core/platform/cpu_feature_guard.cc:137] Your CPU supports instructions that this TensorFlow binary was not compiled to use: SSE4.1 SSE4.2 AVX AVX2 FMA
2018-11-07 19:58:33.009623: I tensorflow/core/platform/cpu_feature_guard.cc:137] Your CPU supports instructions that this TensorFlow binary was not compiled to use: SSE4.1 SSE4.2 AVX AVX2 FMA
2018-11-07 19:58:33.259013: I tensorflow/core/platform/cpu_feature_guard.cc:137] Your CPU supports instructions that this TensorFlow binary was not compiled to use: SSE4.1 SSE4.2 AVX AVX2 FMA
2018-11-07 19:58:33.350476: I tensorflow/core/platform/cpu_feature_guard.cc:137] Your CPU supports instructions that this TensorFlow binary was not compiled to use: SSE4.1 SSE4.2 AVX AVX2 FMA


###############################################################################
TCHPC Cluster: boyle
Job 29198 (ipar) for User 'bhatnags' in Account 'mschpc'
Finished at: Wed Nov  7 21:09:05 GMT 2018

Job completion status:
======================

       JobID    JobName AllocCPUS NTasks NNodes     MaxRSS    MaxRSSNode  MaxDiskRead MaxDiskWrite    Elapsed      State ExitCode 
------------ ---------- --------- ------ ------ ---------- ------------- ------------ ------------ ---------- ---------- -------- 
29198              ipar        28             1                                                      01:10:37    RUNNING      0:0 
29198.batch       batch        28      1      1         4K    boyle-n016        0.01M          16?   01:10:37  COMPLETED      0:0 
29198.0      hydra_pmi+         1      1      1     33552K    boyle-n016        0.04M          16?   01:10:37  COMPLETED      0:0 


Job details:
============

JobId=29198 JobName=ipar
   UserId=bhatnags(1460) GroupId=bhatnags(1106) MCS_label=N/A
   Priority=884212 Nice=0 Account=mschpc QOS=normal
   JobState=COMPLETING Reason=None Dependency=(null)
   Requeue=0 Restarts=0 BatchFlag=1 Reboot=0 ExitCode=0:0
   DerivedExitCode=0:0
   RunTime=01:10:37 TimeLimit=10:20:00 TimeMin=N/A
   SubmitTime=2018-11-07T19:58:28 EligibleTime=2018-11-07T19:58:28
   StartTime=2018-11-07T19:58:28 EndTime=2018-11-07T21:09:05 Deadline=N/A
   PreemptTime=None SuspendTime=None SecsPreSuspend=0
   Partition=compute AllocNode:Sid=boyle01:43990
   ReqNodeList=(null) ExcNodeList=(null)
   NodeList=
   BatchHost=boyle-n016
   NumNodes=1 NumCPUs=28 NumTasks=12 CPUs/Task=1 ReqB:S:C:T=0:0:*:*
   TRES=cpu=28,mem=63000M,node=1
   Socks/Node=* NtasksPerN:B:S:C=0:0:*:* CoreSpec=*
     Nodes=boyle-n016 CPU_IDs=0-27 Mem=63000 GRES_IDX=
   MinCPUsNode=1 MinMemoryNode=63000M MinTmpDiskNode=0
   Features=(null) DelayBoot=00:00:00
   Gres=(null) Reservation=(null)
   OverSubscribe=NO Contiguous=0 Licenses=(null) Network=(null)
   Command=/home/users/mschpc/2017/bhatnags/revisited/ParallelGeneticsInspiredNeuralNetworkTuning/islandModel/four/bashscript.sh
   WorkDir=/home/users/mschpc/2017/bhatnags/revisited/ParallelGeneticsInspiredNeuralNetworkTuning/islandModel/four
   StdErr=/home/users/mschpc/2017/bhatnags/revisited/ParallelGeneticsInspiredNeuralNetworkTuning/islandModel/four/slurm-29198.out
   StdIn=/dev/null
   StdOut=/home/users/mschpc/2017/bhatnags/revisited/ParallelGeneticsInspiredNeuralNetworkTuning/islandModel/four/slurm-29198.out
   Power=


Disk quota details:
===================

Disk quotas for user bhatnags (uid 1460): none


SLURM Bank Statement:
=====================

User           Usage |        Account     Usage | Account Limit Available (CPU hrs)
---------- --------- + -------------- --------- + ------------- ---------
bhatnags       5,572 |         MSCHPC     5,572 |             0       N/A


Acknowledgements:
=================

Note that usage of TCHPC Resources *must* be acknowledged in all publications.

Please see this page for details relevant to this cluster:

http://www.tchpc.tcd.ie/resources/acknowledgementpolicy

################################################################################
