Using TensorFlow backend.
Using TensorFlow backend.
Using TensorFlow backend.
Using TensorFlow backend.
2018-11-02 18:10:38.658186: I tensorflow/core/platform/cpu_feature_guard.cc:137] Your CPU supports instructions that this TensorFlow binary was not compiled to use: SSE4.1 SSE4.2 AVX
2018-11-02 18:10:38.730175: I tensorflow/core/platform/cpu_feature_guard.cc:137] Your CPU supports instructions that this TensorFlow binary was not compiled to use: SSE4.1 SSE4.2 AVX
2018-11-02 18:10:39.460323: I tensorflow/core/platform/cpu_feature_guard.cc:137] Your CPU supports instructions that this TensorFlow binary was not compiled to use: SSE4.1 SSE4.2 AVX
2018-11-02 18:10:39.823708: I tensorflow/core/platform/cpu_feature_guard.cc:137] Your CPU supports instructions that this TensorFlow binary was not compiled to use: SSE4.1 SSE4.2 AVX


###############################################################################
TCHPC Cluster: boyle
Job 28990 (par) for User 'bhatnags' in Account 'mschpc'
Finished at: Fri Nov  2 19:41:25 GMT 2018

Job completion status:
======================

       JobID    JobName AllocCPUS NTasks NNodes     MaxRSS    MaxRSSNode  MaxDiskRead MaxDiskWrite    Elapsed      State ExitCode 
------------ ---------- --------- ------ ------ ---------- ------------- ------------ ------------ ---------- ---------- -------- 
28990               par        16             1                                                      01:30:51  COMPLETED      0:0 
28990.batch       batch        16      1      1      4848K    boyle-n010        0.01M            0   01:30:51  COMPLETED      0:0 
28990.0      hydra_pmi+         1      1      1  12800460K    boyle-n010        0.06M        0.10M   01:30:51  COMPLETED      0:0 


Job details:
============

JobId=28990 JobName=par
   UserId=bhatnags(1460) GroupId=bhatnags(1106) MCS_label=N/A
   Priority=920162 Nice=0 Account=mschpc QOS=normal
   JobState=COMPLETING Reason=None Dependency=(null)
   Requeue=0 Restarts=0 BatchFlag=1 Reboot=0 ExitCode=0:0
   DerivedExitCode=0:0
   RunTime=01:30:51 TimeLimit=03:15:00 TimeMin=N/A
   SubmitTime=2018-11-02T18:10:33 EligibleTime=2018-11-02T18:10:33
   StartTime=2018-11-02T18:10:34 EndTime=2018-11-02T19:41:25 Deadline=N/A
   PreemptTime=None SuspendTime=None SecsPreSuspend=0
   Partition=compute AllocNode:Sid=boyle01:18019
   ReqNodeList=(null) ExcNodeList=(null)
   NodeList=
   BatchHost=boyle-n010
   NumNodes=1 NumCPUs=16 NumTasks=4 CPUs/Task=1 ReqB:S:C:T=0:0:*:*
   TRES=cpu=16,mem=63000M,node=1
   Socks/Node=* NtasksPerN:B:S:C=0:0:*:* CoreSpec=*
     Nodes=boyle-n010 CPU_IDs=0-15 Mem=63000 GRES_IDX=
   MinCPUsNode=1 MinMemoryNode=63000M MinTmpDiskNode=0
   Features=(null) DelayBoot=00:00:00
   Gres=(null) Reservation=(null)
   OverSubscribe=NO Contiguous=0 Licenses=(null) Network=(null)
   Command=/home/users/mschpc/2017/bhatnags/revisited/ParallelGeneticsInspiredNeuralNetworkTuning/src/four/bashscript.sh
   WorkDir=/home/users/mschpc/2017/bhatnags/revisited/ParallelGeneticsInspiredNeuralNetworkTuning/src/four
   StdErr=/home/users/mschpc/2017/bhatnags/revisited/ParallelGeneticsInspiredNeuralNetworkTuning/src/four/slurm-28990.out
   StdIn=/dev/null
   StdOut=/home/users/mschpc/2017/bhatnags/revisited/ParallelGeneticsInspiredNeuralNetworkTuning/src/four/slurm-28990.out
   Power=


Disk quota details:
===================

Disk quotas for user bhatnags (uid 1460): none


SLURM Bank Statement:
=====================

User           Usage |        Account     Usage | Account Limit Available (CPU hrs)
---------- --------- + -------------- --------- + ------------- ---------
bhatnags       4,641 |         MSCHPC     4,641 |             0       N/A


Acknowledgements:
=================

Note that usage of TCHPC Resources *must* be acknowledged in all publications.

Please see this page for details relevant to this cluster:

http://www.tchpc.tcd.ie/resources/acknowledgementpolicy

################################################################################
