Using TensorFlow backend.
2018-11-02 14:26:40.138563: I tensorflow/core/platform/cpu_feature_guard.cc:137] Your CPU supports instructions that this TensorFlow binary was not compiled to use: SSE4.1 SSE4.2 AVX AVX2 FMA
(10.0, {0: {'dropout': 0.5, 'optimizer': 'nadam', 'activation': 'elu', 'nbLayers': 15, 'nbNeurons': 16}, 1: {'dropout': 0.25, 'optimizer': 'nadam', 'activation': 'hard_sigmoid', 'nbLayers': 6, 'nbNeurons': 16}, 2: {'dropout': 0.25, 'optimizer': 'nadam', 'activation': 'hard_sigmoid', 'nbLayers': 6, 'nbNeurons': 16}, 3: {'dropout': 0.25, 'optimizer': 'nadam', 'activation': 'hard_sigmoid', 'nbLayers': 12, 'nbNeurons': 32}, 4: {'dropout': 0.25, 'optimizer': 'nadam', 'activation': 'hard_sigmoid', 'nbLayers': 12, 'nbNeurons': 16}, 5: {'dropout': 0.25, 'optimizer': 'nadam', 'activation': 'hard_sigmoid', 'nbLayers': 15, 'nbNeurons': 16}, 6: {'dropout': 0.25, 'optimizer': 'nadam', 'activation': 'hard_sigmoid', 'nbLayers': 15, 'nbNeurons': 16}, 7: {'dropout': 0.25, 'optimizer': 'nadam', 'activation': 'hard_sigmoid', 'nbLayers': 12, 'nbNeurons': 16}, 8: {'dropout': 0.25, 'optimizer': 'nadam', 'activation': 'hard_sigmoid', 'nbLayers': 12, 'nbNeurons': 16}, 9: {'dropout': 0.25, 'optimizer': 'nadam', 'activation': 'hard_sigmoid', 'nbLayers': 12, 'nbNeurons': 16}, 10: {'dropout': 0.25, 'optimizer': 'nadam', 'activation': 'hard_sigmoid', 'nbLayers': 12, 'nbNeurons': 16}, 11: {'dropout': 0.4, 'optimizer': 'nadam', 'activation': 'hard_sigmoid', 'nbLayers': 12, 'nbNeurons': 16}})
(10.0, {0: {'dropout': 0.4, 'optimizer': 'adamax', 'activation': 'elu', 'nbLayers': 1, 'nbNeurons': 128}, 1: {'dropout': 0.25, 'optimizer': 'nadam', 'activation': 'hard_sigmoid', 'nbLayers': 6, 'nbNeurons': 16}, 2: {'dropout': 0.25, 'optimizer': 'nadam', 'activation': 'hard_sigmoid', 'nbLayers': 6, 'nbNeurons': 16}, 3: {'dropout': 0.25, 'optimizer': 'nadam', 'activation': 'hard_sigmoid', 'nbLayers': 12, 'nbNeurons': 32}, 4: {'dropout': 0.25, 'optimizer': 'nadam', 'activation': 'hard_sigmoid', 'nbLayers': 12, 'nbNeurons': 16}, 5: {'dropout': 0.25, 'optimizer': 'nadam', 'activation': 'hard_sigmoid', 'nbLayers': 15, 'nbNeurons': 16}, 6: {'dropout': 0.25, 'optimizer': 'nadam', 'activation': 'hard_sigmoid', 'nbLayers': 15, 'nbNeurons': 16}, 7: {'dropout': 0.25, 'optimizer': 'nadam', 'activation': 'hard_sigmoid', 'nbLayers': 12, 'nbNeurons': 16}, 8: {'dropout': 0.25, 'optimizer': 'nadam', 'activation': 'hard_sigmoid', 'nbLayers': 12, 'nbNeurons': 16}, 9: {'dropout': 0.25, 'optimizer': 'nadam', 'activation': 'selu', 'nbLayers': 12, 'nbNeurons': 16}, 10: {'dropout': 0.1, 'optimizer': 'nadam', 'activation': 'selu', 'nbLayers': 12, 'nbNeurons': 16}, 11: {'dropout': 0.4, 'optimizer': 'nadam', 'activation': 'hard_sigmoid', 'nbLayers': 12, 'nbNeurons': 16}})
(10.0, {0: {'dropout': 0.3, 'optimizer': 'adamax', 'activation': 'sigmoid', 'nbLayers': 6, 'nbNeurons': 32}, 1: {'dropout': 0.4, 'optimizer': 'nadam', 'activation': 'hard_sigmoid', 'nbLayers': 1, 'nbNeurons': 16}, 2: {'dropout': 0.25, 'optimizer': 'nadam', 'activation': 'hard_sigmoid', 'nbLayers': 6, 'nbNeurons': 16}, 3: {'dropout': 0.25, 'optimizer': 'nadam', 'activation': 'hard_sigmoid', 'nbLayers': 12, 'nbNeurons': 32}, 4: {'dropout': 0.25, 'optimizer': 'nadam', 'activation': 'hard_sigmoid', 'nbLayers': 12, 'nbNeurons': 16}, 5: {'dropout': 0.25, 'optimizer': 'nadam', 'activation': 'hard_sigmoid', 'nbLayers': 15, 'nbNeurons': 16}, 6: {'dropout': 0.25, 'optimizer': 'nadam', 'activation': 'hard_sigmoid', 'nbLayers': 15, 'nbNeurons': 16}, 7: {'dropout': 0.25, 'optimizer': 'nadam', 'activation': 'hard_sigmoid', 'nbLayers': 12, 'nbNeurons': 16}, 8: {'dropout': 0.25, 'optimizer': 'nadam', 'activation': 'hard_sigmoid', 'nbLayers': 12, 'nbNeurons': 16}, 9: {'dropout': 0.25, 'optimizer': 'nadam', 'activation': 'selu', 'nbLayers': 12, 'nbNeurons': 16}, 10: {'dropout': 0.1, 'optimizer': 'nadam', 'activation': 'selu', 'nbLayers': 12, 'nbNeurons': 16}, 11: {'dropout': 0.4, 'optimizer': 'nadam', 'activation': 'hard_sigmoid', 'nbLayers': 12, 'nbNeurons': 16}})
(10.0, {0: {'dropout': 0.3, 'optimizer': 'adam', 'activation': 'selu', 'nbLayers': 1, 'nbNeurons': 4}, 1: {'dropout': 0.4, 'optimizer': 'nadam', 'activation': 'hard_sigmoid', 'nbLayers': 1, 'nbNeurons': 32}, 2: {'dropout': 0.25, 'optimizer': 'nadam', 'activation': 'hard_sigmoid', 'nbLayers': 6, 'nbNeurons': 16}, 3: {'dropout': 0.25, 'optimizer': 'nadam', 'activation': 'hard_sigmoid', 'nbLayers': 12, 'nbNeurons': 32}, 4: {'dropout': 0.25, 'optimizer': 'nadam', 'activation': 'hard_sigmoid', 'nbLayers': 12, 'nbNeurons': 16}, 5: {'dropout': 0.25, 'optimizer': 'nadam', 'activation': 'hard_sigmoid', 'nbLayers': 15, 'nbNeurons': 16}, 6: {'dropout': 0.25, 'optimizer': 'nadam', 'activation': 'hard_sigmoid', 'nbLayers': 15, 'nbNeurons': 16}, 7: {'dropout': 0.25, 'optimizer': 'nadam', 'activation': 'hard_sigmoid', 'nbLayers': 12, 'nbNeurons': 16}, 8: {'dropout': 0.25, 'optimizer': 'nadam', 'activation': 'hard_sigmoid', 'nbLayers': 12, 'nbNeurons': 16}, 9: {'dropout': 0.25, 'optimizer': 'nadam', 'activation': 'selu', 'nbLayers': 12, 'nbNeurons': 16}, 10: {'dropout': 0.1, 'optimizer': 'nadam', 'activation': 'selu', 'nbLayers': 12, 'nbNeurons': 16}, 11: {'dropout': 0.4, 'optimizer': 'nadam', 'activation': 'hard_sigmoid', 'nbLayers': 12, 'nbNeurons': 16}})
(33.7, {0: {'dropout': 0.4, 'optimizer': 'adagrad', 'activation': 'hard_sigmoid', 'nbLayers': 3, 'nbNeurons': 32}, 1: {'dropout': 0.4, 'optimizer': 'adam', 'activation': 'hard_sigmoid', 'nbLayers': 1, 'nbNeurons': 64}, 2: {'dropout': 0.25, 'optimizer': 'nadam', 'activation': 'hard_sigmoid', 'nbLayers': 6, 'nbNeurons': 16}, 3: {'dropout': 0.25, 'optimizer': 'nadam', 'activation': 'hard_sigmoid', 'nbLayers': 12, 'nbNeurons': 32}, 4: {'dropout': 0.25, 'optimizer': 'nadam', 'activation': 'hard_sigmoid', 'nbLayers': 12, 'nbNeurons': 16}, 5: {'dropout': 0.25, 'optimizer': 'nadam', 'activation': 'hard_sigmoid', 'nbLayers': 15, 'nbNeurons': 16}, 6: {'dropout': 0.25, 'optimizer': 'nadam', 'activation': 'hard_sigmoid', 'nbLayers': 15, 'nbNeurons': 16}, 7: {'dropout': 0.25, 'optimizer': 'nadam', 'activation': 'hard_sigmoid', 'nbLayers': 12, 'nbNeurons': 16}, 8: {'dropout': 0.25, 'optimizer': 'nadam', 'activation': 'hard_sigmoid', 'nbLayers': 12, 'nbNeurons': 16}, 9: {'dropout': 0.25, 'optimizer': 'nadam', 'activation': 'selu', 'nbLayers': 12, 'nbNeurons': 16}, 10: {'dropout': 0.1, 'optimizer': 'nadam', 'activation': 'selu', 'nbLayers': 12, 'nbNeurons': 16}, 11: {'dropout': 0.1, 'optimizer': 'nadam', 'activation': 'selu', 'nbLayers': 6, 'nbNeurons': 16}})
(36.74, {0: {'dropout': 0.3, 'optimizer': 'adadelta', 'activation': 'sigmoid', 'nbLayers': 9, 'nbNeurons': 64}, 1: {'dropout': 0.1, 'optimizer': 'adam', 'activation': 'hard_sigmoid', 'nbLayers': 1, 'nbNeurons': 32}, 2: {'dropout': 0.1, 'optimizer': 'nadam', 'activation': 'hard_sigmoid', 'nbLayers': 6, 'nbNeurons': 32}, 3: {'dropout': 0.25, 'optimizer': 'nadam', 'activation': 'hard_sigmoid', 'nbLayers': 12, 'nbNeurons': 32}, 4: {'dropout': 0.25, 'optimizer': 'nadam', 'activation': 'hard_sigmoid', 'nbLayers': 12, 'nbNeurons': 16}, 5: {'dropout': 0.25, 'optimizer': 'nadam', 'activation': 'hard_sigmoid', 'nbLayers': 15, 'nbNeurons': 16}, 6: {'dropout': 0.25, 'optimizer': 'nadam', 'activation': 'hard_sigmoid', 'nbLayers': 15, 'nbNeurons': 16}, 7: {'dropout': 0.25, 'optimizer': 'nadam', 'activation': 'hard_sigmoid', 'nbLayers': 12, 'nbNeurons': 16}, 8: {'dropout': 0.25, 'optimizer': 'nadam', 'activation': 'elu', 'nbLayers': 12, 'nbNeurons': 16}, 9: {'dropout': 0.25, 'optimizer': 'nadam', 'activation': 'selu', 'nbLayers': 12, 'nbNeurons': 16}, 10: {'dropout': 0.1, 'optimizer': 'nadam', 'activation': 'selu', 'nbLayers': 12, 'nbNeurons': 16}, 11: {'dropout': 0.1, 'optimizer': 'nadam', 'activation': 'selu', 'nbLayers': 6, 'nbNeurons': 16}})
(39.410000000000004, {0: {'dropout': 0.4, 'optimizer': 'nadam', 'activation': 'elu', 'nbLayers': 6, 'nbNeurons': 64}, 1: {'dropout': 0.1, 'optimizer': 'adam', 'activation': 'hard_sigmoid', 'nbLayers': 1, 'nbNeurons': 32}, 2: {'dropout': 0.1, 'optimizer': 'nadam', 'activation': 'hard_sigmoid', 'nbLayers': 6, 'nbNeurons': 32}, 3: {'dropout': 0.25, 'optimizer': 'nadam', 'activation': 'hard_sigmoid', 'nbLayers': 12, 'nbNeurons': 32}, 4: {'dropout': 0.25, 'optimizer': 'nadam', 'activation': 'hard_sigmoid', 'nbLayers': 12, 'nbNeurons': 16}, 5: {'dropout': 0.25, 'optimizer': 'nadam', 'activation': 'hard_sigmoid', 'nbLayers': 15, 'nbNeurons': 16}, 6: {'dropout': 0.25, 'optimizer': 'nadam', 'activation': 'hard_sigmoid', 'nbLayers': 15, 'nbNeurons': 16}, 7: {'dropout': 0.25, 'optimizer': 'nadam', 'activation': 'hard_sigmoid', 'nbLayers': 12, 'nbNeurons': 16}, 8: {'dropout': 0.25, 'optimizer': 'nadam', 'activation': 'elu', 'nbLayers': 12, 'nbNeurons': 16}, 9: {'dropout': 0.25, 'optimizer': 'nadam', 'activation': 'selu', 'nbLayers': 12, 'nbNeurons': 16}, 10: {'dropout': 0.1, 'optimizer': 'nadam', 'activation': 'selu', 'nbLayers': 12, 'nbNeurons': 16}, 11: {'dropout': 0.1, 'optimizer': 'nadam', 'activation': 'selu', 'nbLayers': 6, 'nbNeurons': 16}})
(39.410000000000004, {0: {'dropout': 0.4, 'optimizer': 'sgd', 'activation': 'tanh', 'nbLayers': 9, 'nbNeurons': 4}, 1: {'dropout': 0.1, 'optimizer': 'adam', 'activation': 'hard_sigmoid', 'nbLayers': 1, 'nbNeurons': 32}, 2: {'dropout': 0.1, 'optimizer': 'nadam', 'activation': 'hard_sigmoid', 'nbLayers': 1, 'nbNeurons': 32}, 3: {'dropout': 0.25, 'optimizer': 'nadam', 'activation': 'hard_sigmoid', 'nbLayers': 12, 'nbNeurons': 32}, 4: {'dropout': 0.25, 'optimizer': 'nadam', 'activation': 'hard_sigmoid', 'nbLayers': 12, 'nbNeurons': 16}, 5: {'dropout': 0.25, 'optimizer': 'nadam', 'activation': 'hard_sigmoid', 'nbLayers': 15, 'nbNeurons': 16}, 6: {'dropout': 0.25, 'optimizer': 'nadam', 'activation': 'hard_sigmoid', 'nbLayers': 15, 'nbNeurons': 16}, 7: {'dropout': 0.25, 'optimizer': 'nadam', 'activation': 'hard_sigmoid', 'nbLayers': 12, 'nbNeurons': 16}, 8: {'dropout': 0.25, 'optimizer': 'nadam', 'activation': 'elu', 'nbLayers': 12, 'nbNeurons': 16}, 9: {'dropout': 0.25, 'optimizer': 'nadam', 'activation': 'selu', 'nbLayers': 12, 'nbNeurons': 16}, 10: {'dropout': 0.1, 'optimizer': 'nadam', 'activation': 'selu', 'nbLayers': 12, 'nbNeurons': 16}, 11: {'dropout': 0.1, 'optimizer': 'nadam', 'activation': 'selu', 'nbLayers': 6, 'nbNeurons': 16}})
(39.410000000000004, {0: {'dropout': 0.4, 'optimizer': 'adamax', 'activation': 'selu', 'nbLayers': 3, 'nbNeurons': 32}, 1: {'dropout': 0.1, 'optimizer': 'adam', 'activation': 'hard_sigmoid', 'nbLayers': 1, 'nbNeurons': 32}, 2: {'dropout': 0.1, 'optimizer': 'nadam', 'activation': 'hard_sigmoid', 'nbLayers': 1, 'nbNeurons': 32}, 3: {'dropout': 0.25, 'optimizer': 'nadam', 'activation': 'hard_sigmoid', 'nbLayers': 12, 'nbNeurons': 32}, 4: {'dropout': 0.25, 'optimizer': 'nadam', 'activation': 'hard_sigmoid', 'nbLayers': 12, 'nbNeurons': 16}, 5: {'dropout': 0.25, 'optimizer': 'nadam', 'activation': 'hard_sigmoid', 'nbLayers': 15, 'nbNeurons': 16}, 6: {'dropout': 0.25, 'optimizer': 'nadam', 'activation': 'hard_sigmoid', 'nbLayers': 15, 'nbNeurons': 16}, 7: {'dropout': 0.25, 'optimizer': 'nadam', 'activation': 'hard_sigmoid', 'nbLayers': 12, 'nbNeurons': 16}, 8: {'dropout': 0.25, 'optimizer': 'nadam', 'activation': 'elu', 'nbLayers': 12, 'nbNeurons': 16}, 9: {'dropout': 0.25, 'optimizer': 'nadam', 'activation': 'selu', 'nbLayers': 12, 'nbNeurons': 16}, 10: {'dropout': 0.1, 'optimizer': 'nadam', 'activation': 'selu', 'nbLayers': 12, 'nbNeurons': 16}, 11: {'dropout': 0.1, 'optimizer': 'nadam', 'activation': 'selu', 'nbLayers': 6, 'nbNeurons': 16}})
(40.61, {0: {'dropout': 0.4, 'optimizer': 'sgd', 'activation': 'selu', 'nbLayers': 1, 'nbNeurons': 32}, 1: {'dropout': 0.1, 'optimizer': 'adamax', 'activation': 'sigmoid', 'nbLayers': 1, 'nbNeurons': 32}, 2: {'dropout': 0.1, 'optimizer': 'nadam', 'activation': 'sigmoid', 'nbLayers': 1, 'nbNeurons': 32}, 3: {'dropout': 0.1, 'optimizer': 'nadam', 'activation': 'hard_sigmoid', 'nbLayers': 1, 'nbNeurons': 32}, 4: {'dropout': 0.25, 'optimizer': 'nadam', 'activation': 'hard_sigmoid', 'nbLayers': 1, 'nbNeurons': 16}, 5: {'dropout': 0.25, 'optimizer': 'nadam', 'activation': 'hard_sigmoid', 'nbLayers': 15, 'nbNeurons': 16}, 6: {'dropout': 0.25, 'optimizer': 'nadam', 'activation': 'hard_sigmoid', 'nbLayers': 15, 'nbNeurons': 16}, 7: {'dropout': 0.25, 'optimizer': 'nadam', 'activation': 'selu', 'nbLayers': 12, 'nbNeurons': 16}, 8: {'dropout': 0.25, 'optimizer': 'nadam', 'activation': 'elu', 'nbLayers': 12, 'nbNeurons': 16}, 9: {'dropout': 0.25, 'optimizer': 'nadam', 'activation': 'selu', 'nbLayers': 12, 'nbNeurons': 16}, 10: {'dropout': 0.1, 'optimizer': 'nadam', 'activation': 'selu', 'nbLayers': 12, 'nbNeurons': 16}, 11: {'dropout': 0.1, 'optimizer': 'nadam', 'activation': 'selu', 'nbLayers': 12, 'nbNeurons': 64}})
(40.61, {0: {'dropout': 0.5, 'optimizer': 'sgd', 'activation': 'tanh', 'nbLayers': 3, 'nbNeurons': 16}, 1: {'dropout': 0.1, 'optimizer': 'adamax', 'activation': 'sigmoid', 'nbLayers': 1, 'nbNeurons': 32}, 2: {'dropout': 0.1, 'optimizer': 'nadam', 'activation': 'sigmoid', 'nbLayers': 1, 'nbNeurons': 32}, 3: {'dropout': 0.1, 'optimizer': 'nadam', 'activation': 'hard_sigmoid', 'nbLayers': 1, 'nbNeurons': 32}, 4: {'dropout': 0.1, 'optimizer': 'nadam', 'activation': 'hard_sigmoid', 'nbLayers': 1, 'nbNeurons': 16}, 5: {'dropout': 0.25, 'optimizer': 'nadam', 'activation': 'hard_sigmoid', 'nbLayers': 15, 'nbNeurons': 16}, 6: {'dropout': 0.25, 'optimizer': 'nadam', 'activation': 'hard_sigmoid', 'nbLayers': 15, 'nbNeurons': 16}, 7: {'dropout': 0.25, 'optimizer': 'nadam', 'activation': 'selu', 'nbLayers': 12, 'nbNeurons': 16}, 8: {'dropout': 0.25, 'optimizer': 'nadam', 'activation': 'elu', 'nbLayers': 12, 'nbNeurons': 16}, 9: {'dropout': 0.25, 'optimizer': 'nadam', 'activation': 'selu', 'nbLayers': 12, 'nbNeurons': 16}, 10: {'dropout': 0.1, 'optimizer': 'nadam', 'activation': 'selu', 'nbLayers': 12, 'nbNeurons': 16}, 11: {'dropout': 0.1, 'optimizer': 'nadam', 'activation': 'selu', 'nbLayers': 12, 'nbNeurons': 64}})
(40.61, {0: {'dropout': 0.25, 'optimizer': 'adamax', 'activation': 'tanh', 'nbLayers': 12, 'nbNeurons': 32}, 1: {'dropout': 0.1, 'optimizer': 'adamax', 'activation': 'sigmoid', 'nbLayers': 1, 'nbNeurons': 32}, 2: {'dropout': 0.1, 'optimizer': 'adamax', 'activation': 'sigmoid', 'nbLayers': 1, 'nbNeurons': 32}, 3: {'dropout': 0.1, 'optimizer': 'adamax', 'activation': 'hard_sigmoid', 'nbLayers': 1, 'nbNeurons': 32}, 4: {'dropout': 0.1, 'optimizer': 'nadam', 'activation': 'hard_sigmoid', 'nbLayers': 1, 'nbNeurons': 16}, 5: {'dropout': 0.25, 'optimizer': 'nadam', 'activation': 'hard_sigmoid', 'nbLayers': 15, 'nbNeurons': 16}, 6: {'dropout': 0.25, 'optimizer': 'nadam', 'activation': 'hard_sigmoid', 'nbLayers': 15, 'nbNeurons': 16}, 7: {'dropout': 0.25, 'optimizer': 'nadam', 'activation': 'selu', 'nbLayers': 12, 'nbNeurons': 16}, 8: {'dropout': 0.25, 'optimizer': 'nadam', 'activation': 'elu', 'nbLayers': 12, 'nbNeurons': 16}, 9: {'dropout': 0.25, 'optimizer': 'nadam', 'activation': 'selu', 'nbLayers': 12, 'nbNeurons': 16}, 10: {'dropout': 0.25, 'optimizer': 'nadam', 'activation': 'selu', 'nbLayers': 3, 'nbNeurons': 16}, 11: {'dropout': 0.1, 'optimizer': 'nadam', 'activation': 'selu', 'nbLayers': 12, 'nbNeurons': 64}})
(40.61, {0: {'dropout': 0.3, 'optimizer': 'adagrad', 'activation': 'selu', 'nbLayers': 1, 'nbNeurons': 16}, 1: {'dropout': 0.1, 'optimizer': 'adamax', 'activation': 'sigmoid', 'nbLayers': 1, 'nbNeurons': 32}, 2: {'dropout': 0.1, 'optimizer': 'adamax', 'activation': 'sigmoid', 'nbLayers': 1, 'nbNeurons': 32}, 3: {'dropout': 0.1, 'optimizer': 'adamax', 'activation': 'hard_sigmoid', 'nbLayers': 1, 'nbNeurons': 32}, 4: {'dropout': 0.1, 'optimizer': 'nadam', 'activation': 'hard_sigmoid', 'nbLayers': 1, 'nbNeurons': 16}, 5: {'dropout': 0.5, 'optimizer': 'nadam', 'activation': 'hard_sigmoid', 'nbLayers': 1, 'nbNeurons': 16}, 6: {'dropout': 0.2, 'optimizer': 'nadam', 'activation': 'hard_sigmoid', 'nbLayers': 1, 'nbNeurons': 16}, 7: {'dropout': 0.25, 'optimizer': 'nadam', 'activation': 'selu', 'nbLayers': 3, 'nbNeurons': 16}, 8: {'dropout': 0.25, 'optimizer': 'nadam', 'activation': 'elu', 'nbLayers': 12, 'nbNeurons': 16}, 9: {'dropout': 0.25, 'optimizer': 'nadam', 'activation': 'selu', 'nbLayers': 12, 'nbNeurons': 16}, 10: {'dropout': 0.25, 'optimizer': 'nadam', 'activation': 'selu', 'nbLayers': 3, 'nbNeurons': 16}, 11: {'dropout': 0.1, 'optimizer': 'nadam', 'activation': 'selu', 'nbLayers': 12, 'nbNeurons': 64}})
(40.61, {0: {'dropout': 0.1, 'optimizer': 'sgd', 'activation': 'relu', 'nbLayers': 15, 'nbNeurons': 128}, 1: {'dropslurmstepd: error: *** JOB 28965 ON boyle-n016 CANCELLED AT 2018-11-03T10:27:02 DUE TO TIME LIMIT ***


###############################################################################
TCHPC Cluster: boyle
Job 28965 (test) for User 'bhatnags' in Account 'mschpc'
Finished at: Sat Nov  3 10:27:02 GMT 2018

Job completion status:
======================

       JobID    JobName AllocCPUS NTasks NNodes     MaxRSS    MaxRSSNode  MaxDiskRead MaxDiskWrite    Elapsed      State ExitCode 
------------ ---------- --------- ------ ------ ---------- ------------- ------------ ------------ ---------- ---------- -------- 
28965              test        28             1                                                      20:00:28    TIMEOUT      0:0 


Job details:
============

JobId=28965 JobName=test
   UserId=bhatnags(1460) GroupId=bhatnags(1106) MCS_label=N/A
   Priority=936398 Nice=0 Account=mschpc QOS=normal
   JobState=COMPLETING Reason=TimeLimit Dependency=(null)
   Requeue=0 Restarts=0 BatchFlag=1 Reboot=0 ExitCode=0:0
   DerivedExitCode=0:0
   RunTime=20:00:28 TimeLimit=20:00:00 TimeMin=N/A
   SubmitTime=2018-11-02T13:37:11 EligibleTime=2018-11-02T13:37:11
   StartTime=2018-11-02T14:26:33 EndTime=2018-11-03T10:27:01 Deadline=N/A
   PreemptTime=None SuspendTime=None SecsPreSuspend=0
   Partition=compute AllocNode:Sid=boyle01:18019
   ReqNodeList=(null) ExcNodeList=(null)
   NodeList=boyle-n016
   BatchHost=boyle-n016
   NumNodes=1 NumCPUs=28 NumTasks=1 CPUs/Task=1 ReqB:S:C:T=0:0:*:*
   TRES=cpu=28,mem=63000M,node=1
   Socks/Node=* NtasksPerN:B:S:C=0:0:*:* CoreSpec=*
     Nodes=boyle-n016 CPU_IDs=0-27 Mem=63000 GRES_IDX=
   MinCPUsNode=1 MinMemoryNode=63000M MinTmpDiskNode=0
   Features=(null) DelayBoot=00:00:00
   Gres=(null) Reservation=(null)
   OverSubscribe=NO Contiguous=0 Licenses=(null) Network=(null)
   Command=/home/users/mschpc/2017/bhatnags/revisited/GeneticsInspiredNeuralNetworkTuning/src/twelve/bashscript.sh
   WorkDir=/home/users/mschpc/2017/bhatnags/revisited/GeneticsInspiredNeuralNetworkTuning/src/twelve
   StdErr=/home/users/mschpc/2017/bhatnags/revisited/GeneticsInspiredNeuralNetworkTuning/src/twelve/slurm-28965.out
   StdIn=/dev/null
   StdOut=/home/users/mschpc/2017/bhatnags/revisited/GeneticsInspiredNeuralNetworkTuning/src/twelve/slurm-28965.out
   Power=


Disk quota details:
===================

Disk quotas for user bhatnags (uid 1460): none


SLURM Bank Statement:
=====================

User           Usage |        Account     Usage | Account Limit Available (CPU hrs)
---------- --------- + -------------- --------- + ------------- ---------
bhatnags       5,609 |         MSCHPC     5,609 |             0       N/A


Acknowledgements:
=================

Note that usage of TCHPC Resources *must* be acknowledged in all publications.

Please see this page for details relevant to this cluster:

http://www.tchpc.tcd.ie/resources/acknowledgementpolicy

################################################################################
