Using TensorFlow backend.
2018-11-02 14:26:10.632629: I tensorflow/core/platform/cpu_feature_guard.cc:137] Your CPU supports instructions that this TensorFlow binary was not compiled to use: SSE4.1 SSE4.2 AVX AVX2 FMA
(18.240000000000002, {0: {'dropout': 0.1, 'optimizer': 'adadelta', 'activation': 'hard_sigmoid', 'nbLayers': 3, 'nbNeurons': 64}, 1: {'dropout': 0.25, 'optimizer': 'sgd', 'activation': 'tanh', 'nbLayers': 15, 'nbNeurons': 64}, 2: {'dropout': 0.25, 'optimizer': 'sgd', 'activation': 'tanh', 'nbLayers': 1, 'nbNeurons': 64}, 3: {'dropout': 0.25, 'optimizer': 'sgd', 'activation': 'tanh', 'nbLayers': 15, 'nbNeurons': 64}, 4: {'dropout': 0.25, 'optimizer': 'sgd', 'activation': 'tanh', 'nbLayers': 15, 'nbNeurons': 64}, 5: {'dropout': 0.25, 'optimizer': 'sgd', 'activation': 'tanh', 'nbLayers': 15, 'nbNeurons': 64}, 6: {'dropout': 0.25, 'optimizer': 'sgd', 'activation': 'tanh', 'nbLayers': 15, 'nbNeurons': 64}, 7: {'dropout': 0.25, 'optimizer': 'sgd', 'activation': 'tanh', 'nbLayers': 15, 'nbNeurons': 64}, 8: {'dropout': 0.25, 'optimizer': 'sgd', 'activation': 'tanh', 'nbLayers': 15, 'nbNeurons': 64}, 9: {'dropout': 0.25, 'optimizer': 'sgd', 'activation': 'tanh', 'nbLayers': 15, 'nbNeurons': 64}})
(23.400000000000002, {0: {'dropout': 0.25, 'optimizer': 'adadelta', 'activation': 'relu', 'nbLayers': 6, 'nbNeurons': 4}, 1: {'dropout': 0.25, 'optimizer': 'sgd', 'activation': 'tanh', 'nbLayers': 15, 'nbNeurons': 64}, 2: {'dropout': 0.25, 'optimizer': 'sgd', 'activation': 'tanh', 'nbLayers': 1, 'nbNeurons': 64}, 3: {'dropout': 0.25, 'optimizer': 'sgd', 'activation': 'tanh', 'nbLayers': 1, 'nbNeurons': 64}, 4: {'dropout': 0.25, 'optimizer': 'sgd', 'activation': 'tanh', 'nbLayers': 15, 'nbNeurons': 64}, 5: {'dropout': 0.25, 'optimizer': 'sgd', 'activation': 'tanh', 'nbLayers': 15, 'nbNeurons': 64}, 6: {'dropout': 0.25, 'optimizer': 'sgd', 'activation': 'tanh', 'nbLayers': 15, 'nbNeurons': 64}, 7: {'dropout': 0.25, 'optimizer': 'sgd', 'activation': 'tanh', 'nbLayers': 15, 'nbNeurons': 64}, 8: {'dropout': 0.25, 'optimizer': 'sgd', 'activation': 'tanh', 'nbLayers': 15, 'nbNeurons': 64}, 9: {'dropout': 0.25, 'optimizer': 'sgd', 'activation': 'tanh', 'nbLayers': 15, 'nbNeurons': 64}})
(23.400000000000002, {0: {'dropout': 0.3, 'optimizer': 'adamax', 'activation': 'selu', 'nbLayers': 15, 'nbNeurons': 16}, 1: {'dropout': 0.25, 'optimizer': 'adadelta', 'activation': 'tanh', 'nbLayers': 6, 'nbNeurons': 64}, 2: {'dropout': 0.25, 'optimizer': 'sgd', 'activation': 'tanh', 'nbLayers': 1, 'nbNeurons': 64}, 3: {'dropout': 0.25, 'optimizer': 'sgd', 'activation': 'tanh', 'nbLayers': 1, 'nbNeurons': 64}, 4: {'dropout': 0.25, 'optimizer': 'sgd', 'activation': 'tanh', 'nbLayers': 15, 'nbNeurons': 64}, 5: {'dropout': 0.25, 'optimizer': 'sgd', 'activation': 'tanh', 'nbLayers': 15, 'nbNeurons': 64}, 6: {'dropout': 0.25, 'optimizer': 'sgd', 'activation': 'tanh', 'nbLayers': 15, 'nbNeurons': 64}, 7: {'dropout': 0.25, 'optimizer': 'sgd', 'activation': 'tanh', 'nbLayers': 15, 'nbNeurons': 64}, 8: {'dropout': 0.25, 'optimizer': 'sgd', 'activation': 'tanh', 'nbLayers': 15, 'nbNeurons': 64}, 9: {'dropout': 0.25, 'optimizer': 'sgd', 'activation': 'tanh', 'nbLayers': 15, 'nbNeurons': 64}})
(23.400000000000002, {0: {'dropout': 0.1, 'optimizer': 'nadam', 'activation': 'elu', 'nbLayers': 1, 'nbNeurons': 128}, 1: {'dropout': 0.25, 'optimizer': 'adadelta', 'activation': 'tanh', 'nbLayers': 6, 'nbNeurons': 64}, 2: {'dropout': 0.25, 'optimizer': 'sgd', 'activation': 'tanh', 'nbLayers': 1, 'nbNeurons': 64}, 3: {'dropout': 0.25, 'optimizer': 'sgd', 'activation': 'tanh', 'nbLayers': 1, 'nbNeurons': 64}, 4: {'dropout': 0.25, 'optimizer': 'sgd', 'activation': 'tanh', 'nbLayers': 15, 'nbNeurons': 64}, 5: {'dropout': 0.25, 'optimizer': 'sgd', 'activation': 'tanh', 'nbLayers': 15, 'nbNeurons': 64}, 6: {'dropout': 0.25, 'optimizer': 'sgd', 'activation': 'tanh', 'nbLayers': 15, 'nbNeurons': 64}, 7: {'dropout': 0.25, 'optimizer': 'sgd', 'activation': 'tanh', 'nbLayers': 15, 'nbNeurons': 64}, 8: {'dropout': 0.25, 'optimizer': 'sgd', 'activation': 'tanh', 'nbLayers': 15, 'nbNeurons': 64}, 9: {'dropout': 0.25, 'optimizer': 'sgd', 'activation': 'tanh', 'nbLayers': 15, 'nbNeurons': 64}})
(23.400000000000002, {0: {'dropout': 0.5, 'optimizer': 'adadelta', 'activation': 'selu', 'nbLayers': 6, 'nbNeurons': 32}, 1: {'dropout': 0.25, 'optimizer': 'adadelta', 'activation': 'tanh', 'nbLayers': 6, 'nbNeurons': 64}, 2: {'dropout': 0.25, 'optimizer': 'sgd', 'activation': 'tanh', 'nbLayers': 1, 'nbNeurons': 64}, 3: {'dropout': 0.25, 'optimizer': 'sgd', 'activation': 'tanh', 'nbLayers': 1, 'nbNeurons': 64}, 4: {'dropout': 0.25, 'optimizer': 'sgd', 'activation': 'tanh', 'nbLayers': 1, 'nbNeurons': 64}, 5: {'dropout': 0.25, 'optimizer': 'sgd', 'activation': 'tanh', 'nbLayers': 15, 'nbNeurons': 64}, 6: {'dropout': 0.25, 'optimizer': 'sgd', 'activation': 'tanh', 'nbLayers': 15, 'nbNeurons': 64}, 7: {'dropout': 0.25, 'optimizer': 'sgd', 'activation': 'tanh', 'nbLayers': 15, 'nbNeurons': 64}, 8: {'dropout': 0.25, 'optimizer': 'sgd', 'activation': 'tanh', 'nbLayers': 15, 'nbNeurons': 64}, 9: {'dropout': 0.25, 'optimizer': 'sgd', 'activation': 'tanh', 'nbLayers': 15, 'nbNeurons': 64}})
(23.400000000000002, {0: {'dropout': 0.4, 'optimizer': 'sgd', 'activation': 'selu', 'nbLayers': 1, 'nbNeurons': 32}, 1: {'dropout': 0.25, 'optimizer': 'adadelta', 'activation': 'tanh', 'nbLayers': 6, 'nbNeurons': 64}, 2: {'dropout': 0.25, 'optimizer': 'sgd', 'activation': 'tanh', 'nbLayers': 1, 'nbNeurons': 64}, 3: {'dropout': 0.25, 'optimizer': 'sgd', 'activation': 'tanh', 'nbLayers': 1, 'nbNeurons': 64}, 4: {'dropout': 0.25, 'optimizer': 'sgd', 'activation': 'tanh', 'nbLayers': 1, 'nbNeurons': 64}, 5: {'dropout': 0.25, 'optimizer': 'sgd', 'activation': 'tanh', 'nbLayers': 15, 'nbNeurons': 64}, 6: {'dropout': 0.25, 'optimizer': 'sgd', 'activation': 'tanh', 'nbLayers': 15, 'nbNeurons': 64}, 7: {'dropout': 0.25, 'optimizer': 'sgd', 'activation': 'tanh', 'nbLayers': 15, 'nbNeurons': 64}, 8: {'dropout': 0.25, 'optimizer': 'sgd', 'activation': 'tanh', 'nbLayers': 15, 'nbNeurons': 64}, 9: {'dropout': 0.25, 'optimizer': 'sgd', 'activation': 'tanh', 'nbLayers': 15, 'nbNeurons': 64}})
(23.400000000000002, {0: {'dropout': 0.25, 'optimizer': 'sgd', 'activation': 'elu', 'nbLayers': 9, 'nbNeurons': 32}, 1: {'dropout': 0.25, 'optimizer': 'adadelta', 'activation': 'tanh', 'nbLayers': 6, 'nbNeurons': 64}, 2: {'dropout': 0.25, 'optimizer': 'sgd', 'activation': 'tanh', 'nbLayers': 1, 'nbNeurons': 64}, 3: {'dropout': 0.25, 'optimizer': 'sgd', 'activation': 'tanh', 'nbLayers': 1, 'nbNeurons': 64}, 4: {'dropout': 0.25, 'optimizer': 'sgd', 'activation': 'tanh', 'nbLayers': 1, 'nbNeurons': 64}, 5: {'dropout': 0.25, 'optimizer': 'sgd', 'activation': 'tanh', 'nbLayers': 6, 'nbNeurons': 64}, 6: {'dropout': 0.25, 'optimizer': 'sgd', 'activation': 'tanh', 'nbLayers': 6, 'nbNeurons': 128}, 7: {'dropout': 0.25, 'optimizer': 'sgd', 'activation': 'tanh', 'nbLayers': 15, 'nbNeurons': 128}, 8: {'dropout': 0.25, 'optimizer': 'sgd', 'activation': 'tanh', 'nbLayers': 15, 'nbNeurons': 64}, 9: {'dropout': 0.25, 'optimizer': 'sgd', 'activation': 'tanh', 'nbLayers': 15, 'nbNeurons': 64}})
(23.400000000000002, {0: {'dropout': 0.5, 'optimizer': 'sgd', 'activation': 'elu', 'nbLayers': 9, 'nbNeurons': 16}, 1: {'dropout': 0.25, 'optimizer': 'sgd', 'activation': 'elu', 'nbLayers': 6, 'nbNeurons': 32}, 2: {'dropout': 0.25, 'optimizer': 'sgd', 'activation': 'tanh', 'nbLayers': 1, 'nbNeurons': 64}, 3: {'dropout': 0.25, 'optimizer': 'sgd', 'activation': 'tanh', 'nbLayers': 1, 'nbNeurons': 64}, 4: {'dropout': 0.25, 'optimizer': 'sgd', 'activation': 'tanh', 'nbLayers': 1, 'nbNeurons': 64}, 5: {'dropout': 0.25, 'optimizer': 'sgd', 'activation': 'tanh', 'nbLayers': 6, 'nbNeurons': 64}, 6: {'dropout': 0.25, 'optimizer': 'sgd', 'activation': 'tanh', 'nbLayers': 6, 'nbNeurons': 128}, 7: {'dropout': 0.25, 'optimizer': 'sgd', 'activation': 'tanh', 'nbLayers': 15, 'nbNeurons': 128}, 8: {'dropout': 0.25, 'optimizer': 'sgd', 'activation': 'tanh', 'nbLayers': 15, 'nbNeurons': 64}, 9: {'dropout': 0.25, 'optimizer': 'sgd', 'activation': 'tanh', 'nbLayers': 15, 'nbNeurons': 64}})
(23.400000000000002, {0: {'dropout': 0.5, 'optimizer': 'nadam', 'activation': 'elu', 'nbLayers': 12, 'nbNeurons': 128}, 1: {'dropout': 0.25, 'optimizer': 'sgd', 'activation': 'elu', 'nbLayers': 6, 'nbNeurons': 32}, 2: {'dropout': 0.25, 'optimizer': 'sgd', 'activation': 'tanh', 'nbLayers': 1, 'nbNeurons': 64}, 3: {'dropout': 0.25, 'optimizer': 'sgd', 'activation': 'tanh', 'nbLayers': 1, 'nbNeurons': 64}, 4: {'dropout': 0.25, 'optimizer': 'sgd', 'activation': 'tanh', 'nbLayers': 1, 'nbNeurons': 64}, 5: {'dropout': 0.25, 'optimizer': 'sgd', 'activation': 'tanh', 'nbLayers': 6, 'nbNeurons': 64}, 6: {'dropout': 0.25, 'optimizer': 'sgd', 'activation': 'tanh', 'nbLayers': 6, 'nbNeurons': 128}, 7: {'dropout': 0.25, 'optimizer': 'sgd', 'activation': 'tanh', 'nbLayers': 15, 'nbNeurons': 128}, 8: {'dropout': 0.25, 'optimizer': 'sgd', 'activation': 'tanh', 'nbLayers': 15, 'nbNeurons': 64}, 9: {'dropout': 0.25, 'optimizer': 'sgd', 'activation': 'tanh', 'nbLayers': 15, 'nbNeurons': 64}})
(34.98, {0: {'dropout': 0.25, 'optimizer': 'adagrad', 'activation': 'tanh', 'nbLayers': 1, 'nbNeurons': 4}, 1: {'dropout': 0.25, 'optimizer': 'sgd', 'activation': 'elu', 'nbLayers': 6, 'nbNeurons': 32}, 2: {'dropout': 0.25, 'optimizer': 'sgd', 'activation': 'tanh', 'nbLayers': 1, 'nbNeurons': 64}, 3: {'dropout': 0.25, 'optimizer': 'sgd', 'activation': 'tanh', 'nbLayers': 1, 'nbNeurons': 64}, 4: {'dropout': 0.25, 'optimizer': 'sgd', 'activation': 'tanh', 'nbLayers': 1, 'nbNeurons': 64}, 5: {'dropout': 0.25, 'optimizer': 'sgd', 'activation': 'tanh', 'nbLayers': 1, 'nbNeurons': 64}, 6: {'dropout': 0.25, 'optimizer': 'sgd', 'activation': 'tanh', 'nbLayers': 6, 'nbNeurons': 128}, 7: {'dropout': 0.25, 'optimizer': 'sgd', 'activation': 'tanh', 'nbLayers': 6, 'nbNeurons': 128}, 8: {'dropout': 0.25, 'optimizer': 'sgd', 'activation': 'tanh', 'nbLayers': 6, 'nbNeurons': 64}, 9: {'dropout': 0.25, 'optimizer': 'sgd', 'activation': 'tanh', 'nbLayers': 6, 'nbNeurons': 64}})
(37.36, {0: {'dropout': 0.2, 'optimizer': 'nadam', 'activation': 'tanh', 'nbLayers': 3, 'nbNeurons': 16}, 1: {'dropout': 0.25, 'optimizer': 'sgd', 'activation': 'elu', 'nbLayers': 1, 'nbNeurons': 64}, 2: {'dropout': 0.25, 'optimizer': 'sgd', 'activation': 'tanh', 'nbLayers': 1, 'nbNeurons': 64}, 3: {'dropout': 0.25, 'optimizer': 'sgd', 'activation': 'tanh', 'nbLayers': 1, 'nbNeurons': 64}, 4: {'dropout': 0.25, 'optimizer': 'sgd', 'activation': 'tanh', 'nbLayers': 1, 'nbNeurons': 64}, 5: {'dropout': 0.25, 'optimizer': 'sgd', 'activation': 'tanh', 'nbLayers': 1, 'nbNeurons': 64}, 6: {'dropout': 0.25, 'optimizer': 'sgd', 'activation': 'tanh', 'nbLayers': 1, 'nbNeurons': 128}, 7: {'dropout': 0.25, 'optimizer': 'sgd', 'activation': 'tanh', 'nbLayers': 1, 'nbNeurons': 128}, 8: {'dropout': 0.25, 'optimizer': 'sgd', 'activation': 'tanh', 'nbLayers': 6, 'nbNeurons': 64}, 9: {'dropout': 0.25, 'optimizer': 'sgd', 'activation': 'tanh', 'nbLayers': 6, 'nbNeurons': 64}})
(38.31, {0: {'dropout': 0.4, 'optimizer': 'adadelta', 'activation': 'hard_sigmoid', 'nbLayers': 15, 'nbNeurons': 64}, 1: {'dropout': 0.25, 'optimizer': 'sgd', 'activation': 'elu', 'nbLayers': 1, 'nbNeurons': 64}, 2: {'dropout': 0.25, 'optimizer': 'sgd', 'activation': 'tanh', 'nbLayers': 1, 'nbNeurons': 64}, 3: {'dropout': 0.25, 'optimizer': 'sgd', 'activation': 'tanh', 'nbLayers': 1, 'nbNeurons': 64}, 4: {'dropout': 0.25, 'optimizer': 'sgd', 'activation': 'tanh', 'nbLayers': 1, 'nbNeurons': 64}, 5: {'dropout': 0.25, 'optimizer': 'sgd', 'activation': 'tanh', 'nbLayers': 1, 'nbNeurons': 64}, 6: {'dropout': 0.25, 'optimizer': 'sgd', 'activation': 'tanh', 'nbLayers': 1, 'nbNeurons': 128}, 7: {'dropout': 0.25, 'optimizer': 'sgd', 'activation': 'tanh', 'nbLayers': 1, 'nbNeurons': 128}, 8: {'dropout': 0.25, 'optimizer': 'sgd', 'activation': 'tanh', 'nbLayers': 6, 'nbNeurons': 64}, 9: {'dropout': 0.25, 'optimizer': 'sgd', 'activation': 'tanh', 'nbLayers': 6, 'nbNeurons': 64}})
(38.31, {0: {'dropout': 0.1, 'optimizer': 'sgd', 'activation': 'relu', 'nbLayers': 6, 'nbNeurons': 64}, 1: {'dropout': 0.25, 'optimizer': 'sgd', 'activation': 'elu', 'nbLayers': 1, 'nbNeurons': 64}, 2: {'dropout': 0.25, 'optimizer': 'sgd', 'activation': 'tanh', 'nbLayers': 1, 'nbNeurons': 64}, 3: {'dropout': 0.25, 'optimizer': 'sgd', 'activation': 'tanh', 'nbLayers': 1, 'nbNeurons': 64}, 4: {'dropout': 0.25, 'optimizer': 'sgd', 'activation': 'tanh', 'nbLayers': 1, 'nbNeurons': 64}, 5: {'dropout': 0.25, 'optimizer': 'sgd', 'activation': 'tanh', 'nbLayers': 1, 'nbNeurons': 64}, 6: {'dropout': 0.25, 'optimizer': 'sgd', 'activation': 'tanh', 'nbLayers': 1, 'nbNeurons': 128}, 7: {'dropout': 0.25, 'optimizer': 'sgd', 'activation': 'tanh', 'nbLayers': 1, 'nbNeurons': 128}, 8: {'dropout': 0.25, 'optimizer': 'sgd', 'activation': 'tanh', 'nbLayers': 6, 'nbNeurons': 128}, 9: {'dropout': 0.25, 'optimizer': 'sgd', 'activation': 'tanh', 'nbLayers': 6, 'nbNeurons': 64}})
(39.12, {0: {'dropout': 0.3, 'optimizer': 'sgd', 'activation': 'elu', 'nbLayers': 15, 'nbNeurons': 32}, 1: {'dropout': 0.25, 'optimizer': 'sgd', 'activation': 'elu', 'nbLayers': 1, 'nbNeurons': 64}, 2: {'dropout': 0.25, 'optimizer': 'sgd', 'activation': 'elu', 'nbLayers': 1, 'nbNeurons': 128}, 3: {'dropout': 0.25, 'optimizer': 'sgd', 'activation': 'tanh', 'nbLayers': 1, 'nbNeurons': 64}, 4: {'dropout': 0.25, 'optimizer': 'sgd', 'activation': 'tanh', 'nbLayers': 1, 'nbNeurons': 64}, 5: {'dropout': 0.25, 'optimizer': 'sgd', 'activation': 'tanh', 'nbLayers': 1, 'nbNeurons': 64}, 6: {'dropout': 0.25, 'optimizer': 'sgd', 'activation': 'tanh', 'nbLayers': 1, 'nbNeurons': 128}, 7: {'dropout': 0.25, 'optimizer': 'sgd', 'activation': 'tanh', 'nbLayers': 1, 'nbNeurons': 128}, 8: {'dropout': 0.25, 'optimizer': 'sgd', 'activation': 'tanh', 'nbLayers': 6, 'nbNeurons': 128}, 9: {'dropout': 0.25, 'optimizer': 'sgd', 'activation': 'tanh', 'nbLayers': 6, 'nbNeurons': 128}})
(39.12, {0: {'dropout': 0.4, 'optimizer': 'adadelta', 'activation': 'hard_sigmoid', 'nbLayers': 6, 'nbNeurons': 8}, 1: {'dropout': 0.25, 'optimizer': 'sgd', 'activation': 'elu', 'nbLayers': 1, 'nbNeurons': 64}, 2: {'dropout': 0.25, 'optimizer': 'adam', 'activation': 'elu', 'nbLayers': 1, 'nbNeurons': 64}, 3: {'dropout': 0.25, 'optimizer': 'adam', 'activation': 'elu', 'nbLayers': 1, 'nbNeurons': 64}, 4: {'dropout': 0.25, 'optimizer': 'adam', 'activation': 'elu', 'nbLayers': 1, 'nbNeurons': 64}, 5: {'dropout': 0.25, 'optimizer': 'adam', 'activation': 'elu', 'nbLayers': 1, 'nbNeurons': 64}, 6: {'dropout': 0.25, 'optimizer': 'sgd', 'activation': 'tanh', 'nbLayers': 1, 'nbNeurons': 128}, 7: {'dropout': 0.25, 'optimizer': 'sgd', 'activation': 'tanh', 'nbLayers': 1, 'nbNeurons': 128}, 8: {'dropout': 0.25, 'optimizer': 'sgd', 'activation': 'tanh', 'nbLayers': 6, 'nbNeurons': 128}, 9: {'dropout': 0.25, 'optimizer': 'sgd', 'activation': 'tanh', 'nbLayers': 6, 'nbNeurons': 128}})
(39.54, {0: {'dropout': 0.5, 'optimizer': 'nadam', 'activation': 'tanh', 'nbLayers': 12, 'nbNeurons': 32}, 1: {'dropout': 0.25, 'optimizer': 'sgd', 'activation': 'elu', 'nbLayers': 1, 'nbNeurons': 64}, 2: {'dropout': 0.25, 'optimizer': 'adam', 'activation': 'elu', 'nbLayers': 1, 'nbNeurons': 64}, 3: {'dropout': 0.25, 'optimizer': 'adam', 'activation': 'elu', 'nbLayers': 1, 'nbNeurons': 64}, 4: {'dropout': 0.25, 'optimizer': 'adam', 'activation': 'elu', 'nbLayers': 1, 'nbNeurons': 64}, 5: {'dropout': 0.25, 'optimizer': 'adam', 'activation': 'elu', 'nbLayers': 1, 'nbNeurons': 64}, 6: {'dropout': 0.25, 'optimizer': 'adam', 'activation': 'elu', 'nbLayers': 1, 'nbNeurons': 64}, 7: {'dropout': 0.25, 'optimizer': 'sgd', 'activation': 'tanh', 'nbLayers': 1, 'nbNeurons': 128}, 8: {'dropout': 0.25, 'optimizer': 'sgd', 'activation': 'tanh', 'nbLayers': 6, 'nbNeurons': 128}, 9: {'dropout': 0.25, 'optimizer': 'sgd', 'activation': 'tanh', 'nbLayers': 6, 'nbNeurons': 128}})
(39.54, {0: {'dropout': 0.3, 'optimizer': 'adam', 'activation': 'tanh', 'nbLayers': 9, 'nbNeurons': 16}, 1: {'dropout': 0.25, 'optimizer': 'sgd', 'activation': 'elu', 'nbLayers': 1, 'nbNeurons': 64}, 2: {'dropout': 0.25, 'optimizer': 'adam', 'activation': 'elu', 'nbLayers': 1, 'nbNeurons': 64}, 3: {'dropout': 0.25, 'optimizer': 'adam', 'activation': 'elu', 'nbLayers': 1, 'nbNeurons': 64}, 4: {'dropout': 0.25, 'optimizer': 'adam', 'activation': 'elu', 'nbLayers': 1, 'nbNeurons': 64}, 5: {'dropout': 0.25, 'optimizer': 'adam', 'activation': 'elu', 'nbLayers': 1, 'nbNeurons': 64}, 6: {'dropout': 0.25, 'optslurmstepd: error: *** JOB 28963 ON boyle-n018 CANCELLED AT 2018-11-03T05:26:29 DUE TO TIME LIMIT ***


###############################################################################
TCHPC Cluster: boyle
Job 28963 (test) for User 'bhatnags' in Account 'mschpc'
Finished at: Sat Nov  3 05:26:29 GMT 2018

Job completion status:
======================

       JobID    JobName AllocCPUS NTasks NNodes     MaxRSS    MaxRSSNode  MaxDiskRead MaxDiskWrite    Elapsed      State ExitCode 
------------ ---------- --------- ------ ------ ---------- ------------- ------------ ------------ ---------- ---------- -------- 
28963              test        28             1                                                      15:00:26    TIMEOUT      0:0 


Job details:
============

JobId=28963 JobName=test
   UserId=bhatnags(1460) GroupId=bhatnags(1106) MCS_label=N/A
   Priority=936408 Nice=0 Account=mschpc QOS=normal
   JobState=COMPLETING Reason=TimeLimit Dependency=(null)
   Requeue=0 Restarts=0 BatchFlag=1 Reboot=0 ExitCode=0:0
   DerivedExitCode=0:0
   RunTime=15:00:26 TimeLimit=15:00:00 TimeMin=N/A
   SubmitTime=2018-11-02T13:35:11 EligibleTime=2018-11-02T13:35:11
   StartTime=2018-11-02T14:26:03 EndTime=2018-11-03T05:26:29 Deadline=N/A
   PreemptTime=None SuspendTime=None SecsPreSuspend=0
   Partition=compute AllocNode:Sid=boyle01:18019
   ReqNodeList=(null) ExcNodeList=(null)
   NodeList=boyle-n018
   BatchHost=boyle-n018
   NumNodes=1 NumCPUs=28 NumTasks=1 CPUs/Task=1 ReqB:S:C:T=0:0:*:*
   TRES=cpu=28,mem=63000M,node=1
   Socks/Node=* NtasksPerN:B:S:C=0:0:*:* CoreSpec=*
     Nodes=boyle-n018 CPU_IDs=0-27 Mem=63000 GRES_IDX=
   MinCPUsNode=1 MinMemoryNode=63000M MinTmpDiskNode=0
   Features=(null) DelayBoot=00:00:00
   Gres=(null) Reservation=(null)
   OverSubscribe=NO Contiguous=0 Licenses=(null) Network=(null)
   Command=/home/users/mschpc/2017/bhatnags/revisited/GeneticsInspiredNeuralNetworkTuning/src/eight/bashscript.sh
   WorkDir=/home/users/mschpc/2017/bhatnags/revisited/GeneticsInspiredNeuralNetworkTuning/src/eight
   StdErr=/home/users/mschpc/2017/bhatnags/revisited/GeneticsInspiredNeuralNetworkTuning/src/eight/slurm-28963.out
   StdIn=/dev/null
   StdOut=/home/users/mschpc/2017/bhatnags/revisited/GeneticsInspiredNeuralNetworkTuning/src/eight/slurm-28963.out
   Power=


Disk quota details:
===================

Disk quotas for user bhatnags (uid 1460): none


SLURM Bank Statement:
=====================

User           Usage |        Account     Usage | Account Limit Available (CPU hrs)
---------- --------- + -------------- --------- + ------------- ---------
bhatnags       5,526 |         MSCHPC     5,526 |             0       N/A


Acknowledgements:
=================

Note that usage of TCHPC Resources *must* be acknowledged in all publications.

Please see this page for details relevant to this cluster:

http://www.tchpc.tcd.ie/resources/acknowledgementpolicy

################################################################################
